<?xml version="1.0" encoding="UTF-8"?>
<!-- Generated by org.testng.reporters.JUnitXMLReporter -->
<testsuite hostname="LAPTOP-1NOBEC0T" ignored="0" name="Amazon Web Login" tests="3" failures="0" timestamp="30 Nov 2018 14:20:55 GMT" time="26.986" errors="0">
  <testcase name="ivokeBrowser" time="0.07" classname="automationAmazon.AmazonLoginTestCase"/>
  <testcase name="amazonLogin" time="11.469" classname="automationAmazon.AmazonLoginTestCase"/>
  <testcase name="amazonLogout" time="6.865" classname="automationAmazon.AmazonLoginTestCase"/>
</testsuite> <!-- Amazon Web Login -->
