<?xml version="1.0" encoding="UTF-8"?>
<!-- Generated by org.testng.reporters.JUnitXMLReporter -->
<testsuite hostname="LAPTOP-1NOBEC0T" ignored="0" name="Default test" tests="3" failures="0" timestamp="30 Nov 2018 13:48:37 GMT" time="22.291" errors="0">
  <testcase name="m1nvokeBrowser" time="0.057" classname="automationAmazon.AmazonLoginTestCase"/>
  <testcase name="m2amazonLogin" time="7.843" classname="automationAmazon.AmazonLoginTestCase"/>
  <testcase name="m3amazonLogout" time="6.837" classname="automationAmazon.AmazonLoginTestCase"/>
</testsuite> <!-- Default test -->
